<?xml version="1.0" encoding="UTF-8"?>
<!-- Generated by org.testng.reporters.JUnitReportReporter -->
<testsuite skipped="0" hostname="DESKTOP-R5S1N30" name="pack1.Sample1" tests="2" failures="0" timestamp="03 May 2019 08:43:23 GMT" time="68.389" errors="0">
  <testcase name="testA" time="34.681" classname="pack1.Sample1"/>
  <testcase name="testA" time="33.708" classname="pack1.Sample1"/>
</testsuite> <!-- pack1.Sample1 -->
